Copyright 1986-2020 Xilinx, Inc. All Rights Reserved.
----------------------------------------------------------------------------------------------------------------------------------------------------------------------
| Tool Version     : Vivado v.2020.1 (lin64) Build 2902540 Wed May 27 19:54:35 MDT 2020
| Date             : Thu Jan  7 11:45:40 2021
| Host             : guohui-FPGA running 64-bit Ubuntu 16.04.6 LTS
| Command          : report_power -file design_1_wrapper_power_routed.rpt -pb design_1_wrapper_power_summary_routed.pb -rpx design_1_wrapper_power_routed.rpx
| Design           : design_1_wrapper
| Device           : xazu5ev-sfvc784-1-i
| Design State     : routed
| Grade            : industrial
| Process          : typical
| Characterization : Production
----------------------------------------------------------------------------------------------------------------------------------------------------------------------

Power Report

Table of Contents
-----------------
1. Summary
1.1 On-Chip Components
1.2 Power Supply Summary
1.3 Confidence Level
2. Settings
2.1 Environment
2.2 Clock Constraints
3. Detailed Reports
3.1 By Hierarchy

1. Summary
----------

+--------------------------+--------------+
| Total On-Chip Power (W)  | 4.159        |
| Design Power Budget (W)  | Unspecified* |
| Power Budget Margin (W)  | NA           |
| Dynamic (W)              | 3.668        |
| Device Static (W)        | 0.491        |
| Effective TJA (C/W)      | 2.3          |
| Max Ambient (C)          | 90.3         |
| Junction Temperature (C) | 34.7         |
| Confidence Level         | Low          |
| Setting File             | ---          |
| Simulation Activity File | ---          |
| Design Nets Matched      | NA           |
+--------------------------+--------------+
* Specify Design Power Budget using, set_operating_conditions -design_power_budget <value in Watts>


1.1 On-Chip Components
----------------------

+--------------------------+-----------+----------+-----------+-----------------+
| On-Chip                  | Power (W) | Used     | Available | Utilization (%) |
+--------------------------+-----------+----------+-----------+-----------------+
| Clocks                   |     0.166 |       12 |       --- |             --- |
| CLB Logic                |     0.109 |    78761 |       --- |             --- |
|   LUT as Logic           |     0.096 |    25407 |    117120 |           21.69 |
|   Register               |     0.006 |    39704 |    234240 |           16.95 |
|   LUT as Shift Register  |     0.004 |      505 |     57600 |            0.88 |
|   CARRY8                 |     0.004 |      587 |     14640 |            4.01 |
|   LUT as Distributed RAM |    <0.001 |       64 |     57600 |            0.11 |
|   BUFG                   |    <0.001 |        1 |        32 |            3.13 |
|   Others                 |     0.000 |     1745 |       --- |             --- |
|   F7/F8 Muxes            |     0.000 |     6841 |    117120 |            5.84 |
| Signals                  |     0.264 |    57080 |       --- |             --- |
| Block RAM                |     0.040 |     29.5 |       144 |           20.49 |
| URAM                     |     0.008 |        2 |        64 |            3.13 |
| MMCM                     |     0.088 |        0 |       --- |             --- |
| PLL                      |     0.063 |        1 |       --- |             --- |
| DSPs                     |     0.037 |       42 |      1248 |            3.37 |
| I/O                      |     0.068 |       39 |       252 |           15.48 |
| PS8                      |     2.826 |        1 |       --- |             --- |
| Static Power             |     0.491 |          |           |                 |
|   PS Static              |     0.106 |          |           |                 |
|   PL Static              |     0.385 |          |           |                 |
| Total                    |     4.159 |          |           |                 |
+--------------------------+-----------+----------+-----------+-----------------+


1.2 Power Supply Summary
------------------------

+-----------------+-------------+-----------+-------------+------------+-------------+-------------+------------+
| Source          | Voltage (V) | Total (A) | Dynamic (A) | Static (A) | Powerup (A) | Budget (A)  | Margin (A) |
+-----------------+-------------+-----------+-------------+------------+-------------+-------------+------------+
| Vccint          |       0.850 |     0.845 |       0.733 |      0.112 |       NA    | Unspecified | NA         |
| Vccint_io       |       0.850 |     0.044 |       0.007 |      0.037 |       NA    | Unspecified | NA         |
| Vccbram         |       0.850 |     0.004 |       0.003 |      0.001 |       NA    | Unspecified | NA         |
| Vccaux          |       1.800 |     0.157 |       0.083 |      0.075 |       NA    | Unspecified | NA         |
| Vccaux_io       |       1.800 |     0.041 |       0.009 |      0.031 |       NA    | Unspecified | NA         |
| Vcco33          |       3.300 |     0.020 |       0.013 |      0.007 |       NA    | Unspecified | NA         |
| Vcco25          |       2.500 |     0.000 |       0.000 |      0.000 |       NA    | Unspecified | NA         |
| Vcco18          |       1.800 |     0.000 |       0.000 |      0.000 |       NA    | Unspecified | NA         |
| Vcco15          |       1.500 |     0.000 |       0.000 |      0.000 |       NA    | Unspecified | NA         |
| Vcco135         |       1.350 |     0.000 |       0.000 |      0.000 |       NA    | Unspecified | NA         |
| Vcco12          |       1.200 |     0.001 |       0.001 |      0.000 |       NA    | Unspecified | NA         |
| Vcco10          |       1.000 |     0.000 |       0.000 |      0.000 |       NA    | Unspecified | NA         |
| Vccadc          |       1.800 |     0.008 |       0.000 |      0.008 |       NA    | Unspecified | NA         |
| VCC_PSINTFP     |       0.850 |     1.102 |       1.060 |      0.041 |       NA    | Unspecified | NA         |
| VCC_PSINTLP     |       0.850 |     0.258 |       0.250 |      0.008 |       NA    | Unspecified | NA         |
| VPS_MGTRAVCC    |       0.850 |     0.119 |       0.118 |      0.001 |       NA    | Unspecified | NA         |
| VCC_PSINTFP_DDR |       0.850 |     0.821 |       0.816 |      0.005 |       NA    | Unspecified | NA         |
| VCC_PSPLL       |       1.200 |     0.073 |       0.071 |      0.002 |       NA    | Unspecified | NA         |
| VPS_MGTRAVTT    |       1.800 |     0.034 |       0.033 |      0.001 |       NA    | Unspecified | NA         |
| VCCO_PSDDR_504  |       1.200 |     0.677 |       0.643 |      0.034 |       NA    | Unspecified | NA         |
| VCC_PSAUX       |       1.800 |     0.002 |       0.000 |      0.002 |       NA    | Unspecified | NA         |
| VCC_PSBATT      |       1.200 |     0.000 |       0.000 |      0.000 |       NA    | Unspecified | NA         |
| VCC_PSDDR_PLL   |       1.800 |     0.001 |       0.000 |      0.001 |       NA    | Unspecified | NA         |
| VCCO_PSIO0_500  |       1.800 |     0.001 |       0.000 |      0.001 |       NA    | Unspecified | NA         |
| VCCO_PSIO1_501  |       1.800 |     0.001 |       0.001 |      0.001 |       NA    | Unspecified | NA         |
| VCCO_PSIO2_502  |       1.800 |     0.001 |       0.000 |      0.001 |       NA    | Unspecified | NA         |
| VCCO_PSIO3_503  |       3.300 |     0.001 |       0.000 |      0.001 |       NA    | Unspecified | NA         |
| VCC_PSADC       |       1.800 |     0.002 |       0.000 |      0.002 |       NA    | Unspecified | NA         |
| VCCINT_VCU      |       0.900 |     0.032 |       0.000 |      0.032 |       NA    | Unspecified | NA         |
| MGTAVcc         |       0.900 |     0.000 |       0.000 |      0.000 |       NA    | Unspecified | NA         |
| MGTAVtt         |       1.200 |     0.000 |       0.000 |      0.000 |       NA    | Unspecified | NA         |
| MGTVccaux       |       1.800 |     0.000 |       0.000 |      0.000 |       NA    | Unspecified | NA         |
+-----------------+-------------+-----------+-------------+------------+-------------+-------------+------------+


1.3 Confidence Level
--------------------

+-----------------------------+------------+--------------------------------------------------------+------------------------------------------------------------------------------------------------------------+
| User Input Data             | Confidence | Details                                                | Action                                                                                                     |
+-----------------------------+------------+--------------------------------------------------------+------------------------------------------------------------------------------------------------------------+
| Design implementation state | High       | Design is routed                                       |                                                                                                            |
| Clock nodes activity        | High       | User specified more than 95% of clocks                 |                                                                                                            |
| I/O nodes activity          | Low        | More than 75% of inputs are missing user specification | Provide missing input activity with simulation results or by editing the "By Resource Type -> I/Os" view   |
| Internal nodes activity     | Medium     | User specified less than 25% of internal nodes         | Provide missing internal nodes activity with simulation results or by editing the "By Resource Type" views |
| Device models               | High       | Device models are Production                           |                                                                                                            |
|                             |            |                                                        |                                                                                                            |
| Overall confidence level    | Low        |                                                        |                                                                                                            |
+-----------------------------+------------+--------------------------------------------------------+------------------------------------------------------------------------------------------------------------+


2. Settings
-----------

2.1 Environment
---------------

+-----------------------+--------------------------+
| Ambient Temp (C)      | 25.0                     |
| ThetaJA (C/W)         | 2.3                      |
| Airflow (LFM)         | 250                      |
| Heat Sink             | medium (Medium Profile)  |
| ThetaSA (C/W)         | 5.5                      |
| Board Selection       | medium (10"x10")         |
| # of Board Layers     | 12to15 (12 to 15 Layers) |
| Board Temperature (C) | 25.0                     |
+-----------------------+--------------------------+


2.2 Clock Constraints
---------------------

+----------------------------------+-------------------------------------------------------------------------------------------------------------------------------------------------------------------------------------------------+-----------------+
| Clock                            | Domain                                                                                                                                                                                          | Constraint (ns) |
+----------------------------------+-------------------------------------------------------------------------------------------------------------------------------------------------------------------------------------------------+-----------------+
| GEN_PLL_IN_IP_USP.pll0_clkout0   | design_1_i/mipi_csi2_rx_subsyst_0/inst/phy/inst/inst/bd_d10d_phy_0_rx_support_i/slave_rx.bd_d10d_phy_0_rx_hssio_i/inst/top_inst/clk_rst_top_inst/clk_scheme_inst/GEN_PLL_IN_IP_USP.pll0_clkout0 |             5.3 |
| I                                | design_1_i/axi_dynclk_0/U0/Inst_mmcme2_drp/I                                                                                                                                                    |             2.0 |
| clk_pl_0                         | design_1_i/zynq_ultra_ps_e_0/inst/pl_clk_unbuffered[0]                                                                                                                                          |             6.7 |
| clk_pl_1                         | design_1_i/zynq_ultra_ps_e_0/inst/pl_clk1                                                                                                                                                       |             5.0 |
| clk_pl_2                         | design_1_i/zynq_ultra_ps_e_0/inst/pl_clk2                                                                                                                                                       |            10.0 |
| clkoutphy_out                    | design_1_i/mipi_csi2_rx_subsyst_0/inst/phy/inst/inst/bd_d10d_phy_0_rx_support_i/slave_rx.bd_d10d_phy_0_rx_hssio_i/inst/top_inst/clk_rst_top_inst/clk_scheme_inst/shared_pll0_clkoutphy_out      |             0.7 |
| clkoutphy_out_DIV                | design_1_i/mipi_csi2_rx_subsyst_0/inst/phy/inst/inst/bd_d10d_phy_0_rx_support_i/slave_rx.bd_d10d_phy_0_rx_hssio_i/inst/top_inst/bs_ctrl_top_inst/rx_bs0_tx_bit_ctrl_in[26]                      |             5.3 |
| hdmi_out_clk_OBUF                | design_1_i/axi_dynclk_0/U0/PXL_CLK_O                                                                                                                                                            |            10.0 |
| mipi_phy_if_clk_p                | mipi_phy_if_clk_p                                                                                                                                                                               |             2.0 |
| mipi_phy_if_clk_p_FIFO_WRCLK_OUT | design_1_i/mipi_csi2_rx_subsyst_0/inst/phy/inst/inst/bd_d10d_phy_0_rx_support_i/slave_rx.bd_d10d_phy_0_rx_hssio_i/inst/top_inst/bs_top_inst/u_rx_bs/fifo_wr_clk_0                               |             8.0 |
+----------------------------------+-------------------------------------------------------------------------------------------------------------------------------------------------------------------------------------------------+-----------------+


3. Detailed Reports
-------------------

3.1 By Hierarchy
----------------

+----------------------------+-----------+
| Name                       | Power (W) |
+----------------------------+-----------+
| design_1_wrapper           |     3.668 |
|   cam_gpio_tri_iobuf_0     |     0.008 |
|   cam_i2c_scl_iobuf        |     0.008 |
|   cam_i2c_sda_iobuf        |     0.008 |
|   design_1_i               |     3.611 |
|     axi_dynclk_0           |     0.091 |
|       U0                   |     0.091 |
|     axi_interconnect_0     |     0.007 |
|       s00_couplers         |     0.002 |
|       s01_couplers         |     0.002 |
|       xbar                 |     0.003 |
|     axi_vdma_0             |     0.022 |
|       U0                   |     0.022 |
|     axi_vdma_1             |     0.016 |
|       U0                   |     0.016 |
|     contrastadj_0          |     0.361 |
|       inst                 |     0.361 |
|     cpu_reg_v1_0_0         |     0.002 |
|       inst                 |     0.002 |
|     mipi_csi2_rx_subsyst_0 |     0.120 |
|       inst                 |     0.120 |
|     ps8_0_axi_periph       |     0.008 |
|       s00_couplers         |     0.006 |
|       xbar                 |     0.002 |
|     v_axi4s_vid_out_0      |     0.005 |
|       inst                 |     0.005 |
|     v_demosaic_0           |     0.107 |
|       inst                 |     0.107 |
|     v_gamma_lut_0          |     0.025 |
|       inst                 |     0.025 |
|     v_tc_0                 |     0.012 |
|       U0                   |     0.012 |
|     zynq_ultra_ps_e_0      |     2.834 |
|       inst                 |     2.834 |
|   hdmi_out_i2c_scl_iobuf   |     0.008 |
|   hdmi_out_i2c_sda_iobuf   |     0.008 |
+----------------------------+-----------+


