Copyright 1986-2020 Xilinx, Inc. All Rights Reserved.
-----------------------------------------------------------------------------------------------------------------------------
| Tool Version : Vivado v.2020.1 (lin64) Build 2902540 Wed May 27 19:54:35 MDT 2020
| Date         : Thu Jan  7 11:40:20 2021
| Host         : guohui-FPGA running 64-bit Ubuntu 16.04.6 LTS
| Command      : report_utilization -file design_1_wrapper_utilization_placed.rpt -pb design_1_wrapper_utilization_placed.pb
| Design       : design_1_wrapper
| Device       : xazu5evsfvc784-1
| Design State : Fully Placed
-----------------------------------------------------------------------------------------------------------------------------

Utilization Design Information

Table of Contents
-----------------
1. CLB Logic
1.1 Summary of Registers by Type
2. CLB Logic Distribution
3. BLOCKRAM
4. ARITHMETIC
5. I/O
6. CLOCK
7. ADVANCED
8. CONFIGURATION
9. Primitives
10. Black Boxes
11. Instantiated Netlists

1. CLB Logic
------------

+----------------------------+-------+-------+-----------+-------+
|          Site Type         |  Used | Fixed | Available | Util% |
+----------------------------+-------+-------+-----------+-------+
| CLB LUTs                   | 25976 |     0 |    117120 | 22.18 |
|   LUT as Logic             | 25407 |     0 |    117120 | 21.69 |
|   LUT as Memory            |   569 |     0 |     57600 |  0.99 |
|     LUT as Distributed RAM |    64 |     0 |           |       |
|     LUT as Shift Register  |   505 |     0 |           |       |
| CLB Registers              | 39704 |     0 |    234240 | 16.95 |
|   Register as Flip Flop    | 39704 |     0 |    234240 | 16.95 |
|   Register as Latch        |     0 |     0 |    234240 |  0.00 |
| CARRY8                     |   587 |     0 |     14640 |  4.01 |
| F7 Muxes                   |  4631 |     0 |     58560 |  7.91 |
| F8 Muxes                   |  2210 |     0 |     29280 |  7.55 |
| F9 Muxes                   |     0 |     0 |     14640 |  0.00 |
+----------------------------+-------+-------+-----------+-------+


1.1 Summary of Registers by Type
--------------------------------

+-------+--------------+-------------+--------------+
| Total | Clock Enable | Synchronous | Asynchronous |
+-------+--------------+-------------+--------------+
| 0     |            _ |           - |            - |
| 0     |            _ |           - |          Set |
| 0     |            _ |           - |        Reset |
| 0     |            _ |         Set |            - |
| 0     |            _ |       Reset |            - |
| 0     |          Yes |           - |            - |
| 83    |          Yes |           - |          Set |
| 222   |          Yes |           - |        Reset |
| 558   |          Yes |         Set |            - |
| 38841 |          Yes |       Reset |            - |
+-------+--------------+-------------+--------------+


2. CLB Logic Distribution
-------------------------

+--------------------------------------------+-------+-------+-----------+-------+
|                  Site Type                 |  Used | Fixed | Available | Util% |
+--------------------------------------------+-------+-------+-----------+-------+
| CLB                                        |  9695 |     0 |     14640 | 66.22 |
|   CLBL                                     |  4599 |     0 |           |       |
|   CLBM                                     |  5096 |     0 |           |       |
| LUT as Logic                               | 25407 |     0 |    117120 | 21.69 |
|   using O5 output only                     |   356 |       |           |       |
|   using O6 output only                     | 21445 |       |           |       |
|   using O5 and O6                          |  3606 |       |           |       |
| LUT as Memory                              |   569 |     0 |     57600 |  0.99 |
|   LUT as Distributed RAM                   |    64 |     0 |           |       |
|     using O5 output only                   |     0 |       |           |       |
|     using O6 output only                   |     0 |       |           |       |
|     using O5 and O6                        |    64 |       |           |       |
|   LUT as Shift Register                    |   505 |     0 |           |       |
|     using O5 output only                   |     0 |       |           |       |
|     using O6 output only                   |   268 |       |           |       |
|     using O5 and O6                        |   237 |       |           |       |
| CLB Registers                              | 39704 |     0 |    234240 | 16.95 |
|   Register driven from within the CLB      | 10766 |       |           |       |
|   Register driven from outside the CLB     | 28938 |       |           |       |
|     LUT in front of the register is unused | 20077 |       |           |       |
|     LUT in front of the register is used   |  8861 |       |           |       |
| Unique Control Sets                        |  1689 |       |     29280 |  5.77 |
+--------------------------------------------+-------+-------+-----------+-------+
* * Note: Available Control Sets calculated as Slices * 2, Review the Control Sets Report for more information regarding control sets.


3. BLOCKRAM
-----------

+-------------------+------+-------+-----------+-------+
|     Site Type     | Used | Fixed | Available | Util% |
+-------------------+------+-------+-----------+-------+
| Block RAM Tile    | 29.5 |     0 |       144 | 20.49 |
|   RAMB36/FIFO*    |   25 |     0 |       144 | 17.36 |
|     RAMB36E2 only |   25 |       |           |       |
|   RAMB18          |    9 |     0 |       288 |  3.13 |
|     RAMB18E2 only |    9 |       |           |       |
| URAM              |    2 |     0 |        64 |  3.13 |
+-------------------+------+-------+-----------+-------+
* Note: Each Block RAM Tile only has one FIFO logic available and therefore can accommodate only one FIFO36E2 or one FIFO18E2. However, if a FIFO18E2 occupies a Block RAM Tile, that tile can still accommodate a RAMB18E2


4. ARITHMETIC
-------------

+----------------+------+-------+-----------+-------+
|    Site Type   | Used | Fixed | Available | Util% |
+----------------+------+-------+-----------+-------+
| DSPs           |   42 |     0 |      1248 |  3.37 |
|   DSP48E2 only |   42 |       |           |       |
+----------------+------+-------+-----------+-------+


5. I/O
------

+------------------+------+-------+-----------+-------+
|     Site Type    | Used | Fixed | Available | Util% |
+------------------+------+-------+-----------+-------+
| Bonded IOB       |   39 |    39 |       252 | 15.48 |
| HPIOB_M          |    3 |     3 |        72 |  4.17 |
|   INPUT          |    3 |       |           |       |
|   OUTPUT         |    0 |       |           |       |
|   BIDIR          |    0 |       |           |       |
| HPIOB_S          |    3 |     3 |        72 |  4.17 |
|   INPUT          |    3 |       |           |       |
|   OUTPUT         |    0 |       |           |       |
|   BIDIR          |    0 |       |           |       |
| HDIOB_M          |   17 |    17 |        48 | 35.42 |
|   INPUT          |    0 |       |           |       |
|   OUTPUT         |   14 |       |           |       |
|   BIDIR          |    3 |       |           |       |
| HDIOB_S          |   16 |    16 |        48 | 33.33 |
|   INPUT          |    0 |       |           |       |
|   OUTPUT         |   14 |       |           |       |
|   BIDIR          |    2 |       |           |       |
| HPIOB_SNGL       |    0 |     0 |        12 |  0.00 |
| HPIOBDIFFINBUF   |    3 |     3 |        96 |  3.13 |
| HPIOBDIFFOUTBUF  |    0 |     0 |        96 |  0.00 |
| HDIOBDIFFINBUF   |    0 |     0 |        48 |  0.00 |
| BITSLICE_CONTROL |    1 |     0 |        32 |  3.13 |
| BITSLICE_RX_TX   |    3 |     3 |       208 |  1.44 |
|   RX_BITSLICE    |    3 |     3 |           |       |
| BITSLICE_TX      |    0 |     0 |        32 |  0.00 |
| RIU_OR           |    0 |     0 |        16 |  0.00 |
+------------------+------+-------+-----------+-------+


6. CLOCK
--------

+----------------------+------+-------+-----------+-------+
|       Site Type      | Used | Fixed | Available | Util% |
+----------------------+------+-------+-----------+-------+
| GLOBAL CLOCK BUFFERs |    7 |     0 |       352 |  1.99 |
|   BUFGCE             |    3 |     0 |       112 |  2.68 |
|   BUFGCE_DIV         |    1 |     0 |        16 |  6.25 |
|   BUFG_GT            |    0 |     0 |        96 |  0.00 |
|   BUFG_PS            |    3 |     0 |        96 |  3.13 |
|   BUFGCTRL*          |    0 |     0 |        32 |  0.00 |
| PLL                  |    1 |     0 |         8 | 12.50 |
| MMCM                 |    1 |     0 |         4 | 25.00 |
+----------------------+------+-------+-----------+-------+
* Note: Each used BUFGCTRL counts as two GLOBAL CLOCK BUFFERs. This table does not include global clocking resources, only buffer cell usage. See the Clock Utilization Report (report_clock_utilization) for detailed accounting of global clocking resource availability.


7. ADVANCED
-----------

+-----------------+------+-------+-----------+--------+
|    Site Type    | Used | Fixed | Available |  Util% |
+-----------------+------+-------+-----------+--------+
| GTHE4_CHANNEL   |    0 |     0 |         4 |   0.00 |
| GTHE4_COMMON    |    0 |     0 |         1 |   0.00 |
| OBUFDS_GTE4     |    0 |     0 |         2 |   0.00 |
| OBUFDS_GTE4_ADV |    0 |     0 |         2 |   0.00 |
| PCIE40E4        |    0 |     0 |         2 |   0.00 |
| PS8             |    1 |     0 |         1 | 100.00 |
| SYSMONE4        |    0 |     0 |         1 |   0.00 |
| VCU             |    0 |     0 |         1 |   0.00 |
+-----------------+------+-------+-----------+--------+


8. CONFIGURATION
----------------

+-------------+------+-------+-----------+-------+
|  Site Type  | Used | Fixed | Available | Util% |
+-------------+------+-------+-----------+-------+
| BSCANE2     |    0 |     0 |         4 |  0.00 |
| DNA_PORTE2  |    0 |     0 |         1 |  0.00 |
| EFUSE_USR   |    0 |     0 |         1 |  0.00 |
| FRAME_ECCE4 |    0 |     0 |         1 |  0.00 |
| ICAPE3      |    0 |     0 |         2 |  0.00 |
| MASTER_JTAG |    0 |     0 |         1 |  0.00 |
| STARTUPE3   |    0 |     0 |         1 |  0.00 |
+-------------+------+-------+-----------+-------+


9. Primitives
-------------

+------------------+-------+---------------------+
|     Ref Name     |  Used | Functional Category |
+------------------+-------+---------------------+
| FDRE             | 38841 |            Register |
| LUT6             | 14977 |                 CLB |
| MUXF7            |  4631 |                 CLB |
| LUT5             |  3675 |                 CLB |
| LUT2             |  3412 |                 CLB |
| LUT3             |  3355 |                 CLB |
| LUT4             |  3066 |                 CLB |
| MUXF8            |  2210 |                 CLB |
| SRL16E           |   617 |                 CLB |
| CARRY8           |   587 |                 CLB |
| FDSE             |   558 |            Register |
| LUT1             |   528 |                 CLB |
| FDCE             |   222 |            Register |
| SRLC32E          |   125 |                 CLB |
| RAMD32           |   112 |                 CLB |
| FDPE             |    83 |            Register |
| DSP48E2          |    42 |          Arithmetic |
| OBUF             |    28 |                 I/O |
| RAMB36E2         |    25 |           Block Ram |
| RAMS32           |    16 |                 CLB |
| RAMB18E2         |     9 |           Block Ram |
| IBUFCTRL         |     8 |              Others |
| OBUFT            |     5 |                 I/O |
| INBUF            |     5 |                 I/O |
| RX_BITSLICE      |     3 |                 I/O |
| DPHY_DIFFINBUF   |     3 |              Others |
| BUFG_PS          |     3 |               Clock |
| BUFGCE           |     3 |               Clock |
| URAM288          |     2 |           Block Ram |
| PS8              |     1 |            Advanced |
| PLLE4_ADV        |     1 |               Clock |
| MMCME4_ADV       |     1 |               Clock |
| BUFGCE_DIV       |     1 |               Clock |
| BITSLICE_CONTROL |     1 |                 I/O |
+------------------+-------+---------------------+


10. Black Boxes
---------------

+----------+------+
| Ref Name | Used |
+----------+------+


11. Instantiated Netlists
-------------------------

+------------------------------------+------+
|              Ref Name              | Used |
+------------------------------------+------+
| design_1_zynq_ultra_ps_e_0_0       |    1 |
| design_1_xbar_1                    |    1 |
| design_1_xbar_0                    |    1 |
| design_1_v_tc_0_0                  |    1 |
| design_1_v_gamma_lut_0_0           |    1 |
| design_1_v_demosaic_0_0            |    1 |
| design_1_v_axi4s_vid_out_0_0       |    1 |
| design_1_proc_sys_reset_150M_0     |    1 |
| design_1_mipi_csi2_rx_subsyst_0_0  |    1 |
| design_1_cpu_reg_v1_0_0_0          |    1 |
| design_1_contrastadj_0_0           |    1 |
| design_1_axis_subset_converter_1_0 |    1 |
| design_1_axis_subset_converter_0_0 |    1 |
| design_1_axi_vdma_1_0              |    1 |
| design_1_axi_vdma_0_0              |    1 |
| design_1_axi_dynclk_0_0            |    1 |
| design_1_auto_us_1                 |    1 |
| design_1_auto_us_0                 |    1 |
| design_1_auto_pc_0                 |    1 |
| bd_d10d_xbar_0                     |    1 |
| bd_d10d_vfb_0_0                    |    1 |
| bd_d10d_rx_0                       |    1 |
| bd_d10d_r_sync_0                   |    1 |
| bd_d10d_phy_0                      |    1 |
+------------------------------------+------+


