INFO: [HLS 200-10] Running '/home/Xilinx/Vitis/2020.1/bin/unwrapped/lnx64.o/vitis_hls'
INFO: [HLS 200-10] For user 'guohui' on host 'guohui-FPGA' (Linux_x86_64 version 4.15.0-128-generic) on Wed Jan 06 15:47:28 CST 2021
INFO: [HLS 200-10] On os Ubuntu 16.04.6 LTS
INFO: [HLS 200-10] In directory '/home/guohui/Work/HLS_Vivado_Vitis_Prj/Process_Camera/Process_Camera_HLS'
Sourcing Tcl script '/home/guohui/Work/HLS_Vivado_Vitis_Prj/Process_Camera/Process_Camera_HLS/DetectCorner/solution1/csim.tcl'
INFO: [HLS 200-10] Opening project '/home/guohui/Work/HLS_Vivado_Vitis_Prj/Process_Camera/Process_Camera_HLS/DetectCorner'.
INFO: [HLS 200-10] Adding design file 'source/detectCorner.cpp' to the project
INFO: [HLS 200-10] Adding test bench file 'source/test.cpp' to the project
INFO: [HLS 200-10] Opening solution '/home/guohui/Work/HLS_Vivado_Vitis_Prj/Process_Camera/Process_Camera_HLS/DetectCorner/solution1'.
INFO: [SYN 201-201] Setting up clock 'default' with a period of 10ns.
INFO: [HLS 200-10] Setting target device to 'xczu5ev-sfvc784-1-i'
INFO: [HLS 200-1505] Using flow_target 'vivado'
Resolution: For help on HLS 200-1505 see www.xilinx.com/html_docs/xilinx2020_1/hls-guidance/200-1505.html
INFO: [SYN 201-201] Setting up clock 'default' with a period of 10ns.
INFO: [SIM 211-2] *************** CSIM start ***************
INFO: [SIM 211-4] CSIM will launch GCC as the compiler.
   Compiling ../../../../source/test.cpp in debug mode
   Generating csim.exe
Makefile.rules:379: recipe for target 'csim.exe' failed
obj/test.o: In function `main':
/home/guohui/Work/HLS_Vivado_Vitis_Prj/Process_Camera/Process_Camera_HLS/DetectCorner/solution1/csim/build/../../../../source/test.cpp:19: undefined reference to `cv::imread(std::__cxx11::basic_string<char, std::char_traits<char>, std::allocator<char> > const&, int)'
/home/guohui/Work/HLS_Vivado_Vitis_Prj/Process_Camera/Process_Camera_HLS/DetectCorner/solution1/csim/build/../../../../source/test.cpp:31: undefined reference to `cv::namedWindow(std::__cxx11::basic_string<char, std::char_traits<char>, std::allocator<char> > const&, int)'
/home/guohui/Work/HLS_Vivado_Vitis_Prj/Process_Camera/Process_Camera_HLS/DetectCorner/solution1/csim/build/../../../../source/test.cpp:33: undefined reference to `cv::_InputArray::_InputArray(cv::Mat const&)'
/home/guohui/Work/HLS_Vivado_Vitis_Prj/Process_Camera/Process_Camera_HLS/DetectCorner/solution1/csim/build/../../../../source/test.cpp:33: undefined reference to `cv::imshow(std::__cxx11::basic_string<char, std::char_traits<char>, std::allocator<char> > const&, cv::_InputArray const&)'
/home/guohui/Work/HLS_Vivado_Vitis_Prj/Process_Camera/Process_Camera_HLS/DetectCorner/solution1/csim/build/../../../../source/test.cpp:35: undefined reference to `cv::waitKey(int)'
obj/test.o: In function `cv::Mat::~Mat()':
/usr/local/include/opencv2/core/mat.hpp:278: undefined reference to `cv::fastFree(void*)'
obj/test.o: In function `cv::Mat::operator=(cv::Mat const&)':
/usr/local/include/opencv2/core/mat.hpp:298: undefined reference to `cv::Mat::copySize(cv::Mat const&)'
obj/test.o: In function `cv::Mat::release()':
/usr/local/include/opencv2/core/mat.hpp:367: undefined reference to `cv::Mat::deallocate()'
collect2: error: ld returned 1 exit status
make: *** [csim.exe] Error 1
ERROR: [SIM 211-100] 'csim_design' failed: compilation error(s).
INFO: [SIM 211-3] *************** CSIM finish ***************
4
    while executing
"source /home/guohui/Work/HLS_Vivado_Vitis_Prj/Process_Camera/Process_Camera_HLS/DetectCorner/solution1/csim.tcl"
    invoked from within
"hls::main /home/guohui/Work/HLS_Vivado_Vitis_Prj/Process_Camera/Process_Camera_HLS/DetectCorner/solution1/csim.tcl"
    ("uplevel" body line 1)
    invoked from within
"uplevel 1 hls::main {*}$args"
    (procedure "hls_proc" line 5)
    invoked from within
"hls_proc $argv"
